# JRE version: Java(TM) SE Runtime Environment (8.0-b120) (build 1.8.0-ea-b120)
# Java VM: Java HotSpot(TM) 64-Bit Server VM (25.0-b62 mixed mode windows-amd64 compressed oops)
Heap:
 PSYoungGen      total 231424K, used 103014K [0x00000000eab00000, 0x00000000fc600000, 0x0000000100000000)
  eden space 176128K, 37% used [0x00000000eab00000,0x00000000eeb67f78,0x00000000f5700000)
  from space 55296K, 67% used [0x00000000f9000000,0x00000000fb431c50,0x00000000fc600000)
  to   space 56832K, 0% used [0x00000000f5700000,0x00000000f5700000,0x00000000f8e80000)
 ParOldGen       total 116224K, used 110118K [0x00000000c0000000, 0x00000000c7180000, 0x00000000eab00000)
  object space 116224K, 94% used [0x00000000c0000000,0x00000000c6b89ad0,0x00000000c7180000)
 Metaspace       used 8583K, capacity 8852K, committed 9088K, reserved 1056768K
  class space    used 966K, capacity 1029K, committed 1152K, reserved 1048576K
GC Heap History (10 events):
Event: 195.910 GC heap before
{Heap before GC invocations=72 (full 6):
 PSYoungGen      total 195072K, used 182439K [0x00000000eab00000, 0x00000000fab80000, 0x0000000100000000)
  eden space 145408K, 100% used [0x00000000eab00000,0x00000000f3900000,0x00000000f3900000)
  from space 49664K, 74% used [0x00000000f3900000,0x00000000f5d29c50,0x00000000f6980000)
  to   space 52224K, 0% used [0x00000000f7880000,0x00000000f7880000,0x00000000fab80000)
 ParOldGen       total 116224K, used 110118K [0x00000000c0000000, 0x00000000c7180000, 0x00000000eab00000)
  object space 116224K, 94% used [0x00000000c0000000,0x00000000c6b89ad0,0x00000000c7180000)
 Metaspace       used 8113K, capacity 8370K, committed 8448K, reserved 1056768K
  class space    used 937K, capacity 995K, committed 1024K, reserved 1048576K
Event: 196.171 GC heap after
Heap after GC invocations=72 (full 6):
 PSYoungGen      total 208384K, used 37031K [0x00000000eab00000, 0x00000000fae00000, 0x0000000100000000)
  eden space 156160K, 0% used [0x00000000eab00000,0x00000000eab00000,0x00000000f4380000)
  from space 52224K, 70% used [0x00000000f7880000,0x00000000f9ca9c50,0x00000000fab80000)
  to   space 54272K, 0% used [0x00000000f4380000,0x00000000f4380000,0x00000000f7880000)
 ParOldGen       total 116224K, used 110118K [0x00000000c0000000, 0x00000000c7180000, 0x00000000eab00000)
  object space 116224K, 94% used [0x00000000c0000000,0x00000000c6b89ad0,0x00000000c7180000)
 Metaspace       used 8113K, capacity 8370K, committed 8448K, reserved 1056768K
  class space    used 937K, capacity 995K, committed 1024K, reserved 1048576K
}
Event: 199.920 GC heap before
{Heap before GC invocations=73 (full 6):
 PSYoungGen      total 208384K, used 193191K [0x00000000eab00000, 0x00000000fae00000, 0x0000000100000000)
  eden space 156160K, 100% used [0x00000000eab00000,0x00000000f4380000,0x00000000f4380000)
  from space 52224K, 70% used [0x00000000f7880000,0x00000000f9ca9c50,0x00000000fab80000)
  to   space 54272K, 0% used [0x00000000f4380000,0x00000000f4380000,0x00000000f7880000)
 ParOldGen       total 116224K, used 110118K [0x00000000c0000000, 0x00000000c7180000, 0x00000000eab00000)
  object space 116224K, 94% used [0x00000000c0000000,0x00000000c6b89ad0,0x00000000c7180000)
 Metaspace       used 8114K, capacity 8370K, committed 8448K, reserved 1056768K
  class space    used 937K, capacity 995K, committed 1024K, reserved 1048576K
Event: 200.261 GC heap after
Heap after GC invocations=73 (full 6):
 PSYoungGen      total 210432K, used 36912K [0x00000000eab00000, 0x00000000fba00000, 0x0000000100000000)
  eden space 156160K, 0% used [0x00000000eab00000,0x00000000eab00000,0x00000000f4380000)
  from space 54272K, 68% used [0x00000000f4380000,0x00000000f678c010,0x00000000f7880000)
  to   space 55296K, 0% used [0x00000000f8400000,0x00000000f8400000,0x00000000fba00000)
 ParOldGen       total 116224K, used 110118K [0x00000000c0000000, 0x00000000c7180000, 0x00000000eab00000)
  object space 116224K, 94% used [0x00000000c0000000,0x00000000c6b89ad0,0x00000000c7180000)
 Metaspace       used 8114K, capacity 8370K, committed 8448K, reserved 1056768K
  class space    used 937K, capacity 995K, committed 1024K, reserved 1048576K
}
Event: 201.246 GC heap before
{Heap before GC invocations=74 (full 6):
 PSYoungGen      total 210432K, used 193072K [0x00000000eab00000, 0x00000000fba00000, 0x0000000100000000)
  eden space 156160K, 100% used [0x00000000eab00000,0x00000000f4380000,0x00000000f4380000)
  from space 54272K, 68% used [0x00000000f4380000,0x00000000f678c010,0x00000000f7880000)
  to   space 55296K, 0% used [0x00000000f8400000,0x00000000f8400000,0x00000000fba00000)
 ParOldGen       total 116224K, used 110118K [0x00000000c0000000, 0x00000000c7180000, 0x00000000eab00000)
  object space 116224K, 94% used [0x00000000c0000000,0x00000000c6b89ad0,0x00000000c7180000)
 Metaspace       used 8114K, capacity 8370K, committed 8448K, reserved 1056768K
  class space    used 937K, capacity 995K, committed 1024K, reserved 1048576K
Event: 201.691 GC heap after
Heap after GC invocations=74 (full 6):
 PSYoungGen      total 221184K, used 36864K [0x00000000eab00000, 0x00000000fbe00000, 0x0000000100000000)
  eden space 165888K, 0% used [0x00000000eab00000,0x00000000eab00000,0x00000000f4d00000)
  from space 55296K, 66% used [0x00000000f8400000,0x00000000fa800000,0x00000000fba00000)
  to   space 56320K, 0% used [0x00000000f4d00000,0x00000000f4d00000,0x00000000f8400000)
 ParOldGen       total 116224K, used 110118K [0x00000000c0000000, 0x00000000c7180000, 0x00000000eab00000)
  object space 116224K, 94% used [0x00000000c0000000,0x00000000c6b89ad0,0x00000000c7180000)
 Metaspace       used 8114K, capacity 8370K, committed 8448K, reserved 1056768K
  class space    used 937K, capacity 995K, committed 1024K, reserved 1048576K
}
Event: 206.773 GC heap before
{Heap before GC invocations=75 (full 6):
 PSYoungGen      total 221184K, used 202752K [0x00000000eab00000, 0x00000000fbe00000, 0x0000000100000000)
  eden space 165888K, 100% used [0x00000000eab00000,0x00000000f4d00000,0x00000000f4d00000)
  from space 55296K, 66% used [0x00000000f8400000,0x00000000fa800000,0x00000000fba00000)
  to   space 56320K, 0% used [0x00000000f4d00000,0x00000000f4d00000,0x00000000f8400000)
 ParOldGen       total 116224K, used 110118K [0x00000000c0000000, 0x00000000c7180000, 0x00000000eab00000)
  object space 116224K, 94% used [0x00000000c0000000,0x00000000c6b89ad0,0x00000000c7180000)
 Metaspace       used 8114K, capacity 8370K, committed 8448K, reserved 1056768K
  class space    used 937K, capacity 995K, committed 1024K, reserved 1048576K
Event: 207.021 GC heap after
Heap after GC invocations=75 (full 6):
 PSYoungGen      total 222208K, used 37063K [0x00000000eab00000, 0x00000000fc780000, 0x0000000100000000)
  eden space 165888K, 0% used [0x00000000eab00000,0x00000000eab00000,0x00000000f4d00000)
  from space 56320K, 65% used [0x00000000f4d00000,0x00000000f7131c50,0x00000000f8400000)
  to   space 56832K, 0% used [0x00000000f9000000,0x00000000f9000000,0x00000000fc780000)
 ParOldGen       total 116224K, used 110118K [0x00000000c0000000, 0x00000000c7180000, 0x00000000eab00000)
  object space 116224K, 94% used [0x00000000c0000000,0x00000000c6b89ad0,0x00000000c7180000)
 Metaspace       used 8114K, capacity 8370K, committed 8448K, reserved 1056768K
  class space    used 937K, capacity 995K, committed 1024K, reserved 1048576K
}
Event: 226.482 GC heap before
{Heap before GC invocations=76 (full 6):
 PSYoungGen      total 222208K, used 202951K [0x00000000eab00000, 0x00000000fc780000, 0x0000000100000000)
  eden space 165888K, 100% used [0x00000000eab00000,0x00000000f4d00000,0x00000000f4d00000)
  from space 56320K, 65% used [0x00000000f4d00000,0x00000000f7131c50,0x00000000f8400000)
  to   space 56832K, 0% used [0x00000000f9000000,0x00000000f9000000,0x00000000fc780000)
 ParOldGen       total 116224K, used 110118K [0x00000000c0000000, 0x00000000c7180000, 0x00000000eab00000)
  object space 116224K, 94% used [0x00000000c0000000,0x00000000c6b89ad0,0x00000000c7180000)
 Metaspace       used 8114K, capacity 8370K, committed 8448K, reserved 1056768K
  class space    used 937K, capacity 995K, committed 1024K, reserved 1048576K
Event: 226.727 GC heap after
Heap after GC invocations=76 (full 6):
 PSYoungGen      total 231424K, used 37063K [0x00000000eab00000, 0x00000000fc600000, 0x0000000100000000)
  eden space 176128K, 0% used [0x00000000eab00000,0x00000000eab00000,0x00000000f5700000)
  from space 55296K, 67% used [0x00000000f9000000,0x00000000fb431c50,0x00000000fc600000)
  to   space 56832K, 0% used [0x00000000f5700000,0x00000000f5700000,0x00000000f8e80000)
 ParOldGen       total 116224K, used 110118K [0x00000000c0000000, 0x00000000c7180000, 0x00000000eab00000)
  object space 116224K, 94% used [0x00000000c0000000,0x00000000c6b89ad0,0x00000000c7180000)
 Metaspace       used 8114K, capacity 8370K, committed 8448K, reserved 1056768K
  class space    used 937K, capacity 995K, committed 1024K, reserved 1048576K
}

