# JRE version: Java(TM) SE Runtime Environment (8.0-b120) (build 1.8.0-ea-b120)
# Java VM: Java HotSpot(TM) 64-Bit Server VM (25.0-b62 mixed mode windows-amd64 compressed oops)
Heap:
 PSYoungGen      total 342528K, used 196464K [0x00000000eab00000, 0x0000000100000000, 0x0000000100000000)
  eden space 336384K, 56% used [0x00000000eab00000,0x00000000f65ec368,0x00000000ff380000)
  from space 6144K, 82% used [0x00000000ff380000,0x00000000ff870000,0x00000000ff980000)
  to   space 6656K, 0% used [0x00000000ff980000,0x00000000ff980000,0x0000000100000000)
 ParOldGen       total 64000K, used 15088K [0x00000000c0000000, 0x00000000c3e80000, 0x00000000eab00000)
  object space 64000K, 23% used [0x00000000c0000000,0x00000000c0ebc300,0x00000000c3e80000)
 Metaspace       used 5641K, capacity 5850K, committed 6144K, reserved 1056768K
  class space    used 638K, capacity 701K, committed 768K, reserved 1048576K
GC Heap History (10 events):
Event: 29.908 GC heap before
{Heap before GC invocations=29 (full 0):
 PSYoungGen      total 343040K, used 340752K [0x00000000eab00000, 0x0000000100000000, 0x0000000100000000)
  eden space 336896K, 100% used [0x00000000eab00000,0x00000000ff400000,0x00000000ff400000)
  from space 6144K, 62% used [0x00000000ffa00000,0x00000000ffdc4010,0x0000000100000000)
  to   space 6144K, 0% used [0x00000000ff400000,0x00000000ff400000,0x00000000ffa00000)
 ParOldGen       total 64000K, used 15056K [0x00000000c0000000, 0x00000000c3e80000, 0x00000000eab00000)
  object space 64000K, 23% used [0x00000000c0000000,0x00000000c0eb4300,0x00000000c3e80000)
 Metaspace       used 5137K, capacity 5336K, committed 5504K, reserved 1056768K
  class space    used 584K, capacity 635K, committed 640K, reserved 1048576K
Event: 29.939 GC heap after
Heap after GC invocations=29 (full 0):
 PSYoungGen      total 343040K, used 3264K [0x00000000eab00000, 0x0000000100000000, 0x0000000100000000)
  eden space 336896K, 0% used [0x00000000eab00000,0x00000000eab00000,0x00000000ff400000)
  from space 6144K, 53% used [0x00000000ff400000,0x00000000ff730000,0x00000000ffa00000)
  to   space 6144K, 0% used [0x00000000ffa00000,0x00000000ffa00000,0x0000000100000000)
 ParOldGen       total 64000K, used 15064K [0x00000000c0000000, 0x00000000c3e80000, 0x00000000eab00000)
  object space 64000K, 23% used [0x00000000c0000000,0x00000000c0eb6300,0x00000000c3e80000)
 Metaspace       used 5137K, capacity 5336K, committed 5504K, reserved 1056768K
  class space    used 584K, capacity 635K, committed 640K, reserved 1048576K
}
Event: 33.031 GC heap before
{Heap before GC invocations=30 (full 0):
 PSYoungGen      total 343040K, used 340160K [0x00000000eab00000, 0x0000000100000000, 0x0000000100000000)
  eden space 336896K, 100% used [0x00000000eab00000,0x00000000ff400000,0x00000000ff400000)
  from space 6144K, 53% used [0x00000000ff400000,0x00000000ff730000,0x00000000ffa00000)
  to   space 6144K, 0% used [0x00000000ffa00000,0x00000000ffa00000,0x0000000100000000)
 ParOldGen       total 64000K, used 15064K [0x00000000c0000000, 0x00000000c3e80000, 0x00000000eab00000)
  object space 64000K, 23% used [0x00000000c0000000,0x00000000c0eb6300,0x00000000c3e80000)
 Metaspace       used 5139K, capacity 5336K, committed 5504K, reserved 1056768K
  class space    used 584K, capacity 635K, committed 640K, reserved 1048576K
Event: 33.040 GC heap after
Heap after GC invocations=30 (full 0):
 PSYoungGen      total 342016K, used 2432K [0x00000000eab00000, 0x00000000fff00000, 0x0000000100000000)
  eden space 336896K, 0% used [0x00000000eab00000,0x00000000eab00000,0x00000000ff400000)
  from space 5120K, 47% used [0x00000000ffa00000,0x00000000ffc60000,0x00000000fff00000)
  to   space 5632K, 0% used [0x00000000ff400000,0x00000000ff400000,0x00000000ff980000)
 ParOldGen       total 64000K, used 15064K [0x00000000c0000000, 0x00000000c3e80000, 0x00000000eab00000)
  object space 64000K, 23% used [0x00000000c0000000,0x00000000c0eb6300,0x00000000c3e80000)
 Metaspace       used 5139K, capacity 5336K, committed 5504K, reserved 1056768K
  class space    used 584K, capacity 635K, committed 640K, reserved 1048576K
}
Event: 38.862 GC heap before
{Heap before GC invocations=31 (full 0):
 PSYoungGen      total 342016K, used 339328K [0x00000000eab00000, 0x00000000fff00000, 0x0000000100000000)
  eden space 336896K, 100% used [0x00000000eab00000,0x00000000ff400000,0x00000000ff400000)
  from space 5120K, 47% used [0x00000000ffa00000,0x00000000ffc60000,0x00000000fff00000)
  to   space 5632K, 0% used [0x00000000ff400000,0x00000000ff400000,0x00000000ff980000)
 ParOldGen       total 64000K, used 15064K [0x00000000c0000000, 0x00000000c3e80000, 0x00000000eab00000)
  object space 64000K, 23% used [0x00000000c0000000,0x00000000c0eb6300,0x00000000c3e80000)
 Metaspace       used 5143K, capacity 5336K, committed 5504K, reserved 1056768K
  class space    used 584K, capacity 635K, committed 640K, reserved 1048576K
Event: 38.951 GC heap after
Heap after GC invocations=31 (full 0):
 PSYoungGen      total 342528K, used 5600K [0x00000000eab00000, 0x0000000100000000, 0x0000000100000000)
  eden space 336896K, 0% used [0x00000000eab00000,0x00000000eab00000,0x00000000ff400000)
  from space 5632K, 99% used [0x00000000ff400000,0x00000000ff978000,0x00000000ff980000)
  to   space 6656K, 0% used [0x00000000ff980000,0x00000000ff980000,0x0000000100000000)
 ParOldGen       total 64000K, used 15072K [0x00000000c0000000, 0x00000000c3e80000, 0x00000000eab00000)
  object space 64000K, 23% used [0x00000000c0000000,0x00000000c0eb8300,0x00000000c3e80000)
 Metaspace       used 5143K, capacity 5336K, committed 5504K, reserved 1056768K
  class space    used 584K, capacity 635K, committed 640K, reserved 1048576K
}
Event: 44.142 GC heap before
{Heap before GC invocations=32 (full 0):
 PSYoungGen      total 342528K, used 342496K [0x00000000eab00000, 0x0000000100000000, 0x0000000100000000)
  eden space 336896K, 100% used [0x00000000eab00000,0x00000000ff400000,0x00000000ff400000)
  from space 5632K, 99% used [0x00000000ff400000,0x00000000ff978000,0x00000000ff980000)
  to   space 6656K, 0% used [0x00000000ff980000,0x00000000ff980000,0x0000000100000000)
 ParOldGen       total 64000K, used 15072K [0x00000000c0000000, 0x00000000c3e80000, 0x00000000eab00000)
  object space 64000K, 23% used [0x00000000c0000000,0x00000000c0eb8300,0x00000000c3e80000)
 Metaspace       used 5146K, capacity 5336K, committed 5504K, reserved 1056768K
  class space    used 584K, capacity 635K, committed 640K, reserved 1048576K
Event: 44.150 GC heap after
Heap after GC invocations=32 (full 0):
 PSYoungGen      total 343040K, used 2576K [0x00000000eab00000, 0x0000000100000000, 0x0000000100000000)
  eden space 336384K, 0% used [0x00000000eab00000,0x00000000eab00000,0x00000000ff380000)
  from space 6656K, 38% used [0x00000000ff980000,0x00000000ffc04010,0x0000000100000000)
  to   space 6144K, 0% used [0x00000000ff380000,0x00000000ff380000,0x00000000ff980000)
 ParOldGen       total 64000K, used 15080K [0x00000000c0000000, 0x00000000c3e80000, 0x00000000eab00000)
  object space 64000K, 23% used [0x00000000c0000000,0x00000000c0eba300,0x00000000c3e80000)
 Metaspace       used 5146K, capacity 5336K, committed 5504K, reserved 1056768K
  class space    used 584K, capacity 635K, committed 640K, reserved 1048576K
}
Event: 49.770 GC heap before
{Heap before GC invocations=33 (full 0):
 PSYoungGen      total 343040K, used 338960K [0x00000000eab00000, 0x0000000100000000, 0x0000000100000000)
  eden space 336384K, 100% used [0x00000000eab00000,0x00000000ff380000,0x00000000ff380000)
  from space 6656K, 38% used [0x00000000ff980000,0x00000000ffc04010,0x0000000100000000)
  to   space 6144K, 0% used [0x00000000ff380000,0x00000000ff380000,0x00000000ff980000)
 ParOldGen       total 64000K, used 15080K [0x00000000c0000000, 0x00000000c3e80000, 0x00000000eab00000)
  object space 64000K, 23% used [0x00000000c0000000,0x00000000c0eba300,0x00000000c3e80000)
 Metaspace       used 5147K, capacity 5336K, committed 5504K, reserved 1056768K
  class space    used 584K, capacity 635K, committed 640K, reserved 1048576K
Event: 49.792 GC heap after
Heap after GC invocations=33 (full 0):
 PSYoungGen      total 342528K, used 5056K [0x00000000eab00000, 0x0000000100000000, 0x0000000100000000)
  eden space 336384K, 0% used [0x00000000eab00000,0x00000000eab00000,0x00000000ff380000)
  from space 6144K, 82% used [0x00000000ff380000,0x00000000ff870000,0x00000000ff980000)
  to   space 6656K, 0% used [0x00000000ff980000,0x00000000ff980000,0x0000000100000000)
 ParOldGen       total 64000K, used 15088K [0x00000000c0000000, 0x00000000c3e80000, 0x00000000eab00000)
  object space 64000K, 23% used [0x00000000c0000000,0x00000000c0ebc300,0x00000000c3e80000)
 Metaspace       used 5147K, capacity 5336K, committed 5504K, reserved 1056768K
  class space    used 584K, capacity 635K, committed 640K, reserved 1048576K
}

