# JRE version: Java(TM) SE Runtime Environment (8.0_11-b12) (build 1.8.0_11-b12)
# Java VM: Java HotSpot(TM) 64-Bit Server VM (25.11-b03 mixed mode windows-amd64 compressed oops)
Heap:
 PSYoungGen      total 38400K, used 26910K [0x00000000eab00000, 0x00000000ee200000, 0x0000000100000000)
  eden space 34816K, 75% used [0x00000000eab00000,0x00000000ec4bfb60,0x00000000ecd00000)
  from space 3584K, 15% used [0x00000000ecd00000,0x00000000ecd88000,0x00000000ed080000)
  to   space 3584K, 0% used [0x00000000ede80000,0x00000000ede80000,0x00000000ee200000)
 ParOldGen       total 64000K, used 17392K [0x00000000c0000000, 0x00000000c3e80000, 0x00000000eab00000)
  object space 64000K, 27% used [0x00000000c0000000,0x00000000c10fc200,0x00000000c3e80000)
 Metaspace       used 4975K, capacity 5136K, committed 5248K, reserved 1056768K
  class space    used 554K, capacity 590K, committed 640K, reserved 1048576K
GC Heap History (10 events):
Event: 5.466 GC heap before
{Heap before GC invocations=17 (full 0):
 PSYoungGen      total 22016K, used 18048K [0x00000000eab00000, 0x00000000ec500000, 0x0000000100000000)
  eden space 17408K, 100% used [0x00000000eab00000,0x00000000ebc00000,0x00000000ebc00000)
  from space 4608K, 13% used [0x00000000ec080000,0x00000000ec120000,0x00000000ec500000)
  to   space 4608K, 0% used [0x00000000ebc00000,0x00000000ebc00000,0x00000000ec080000)
 ParOldGen       total 64000K, used 11664K [0x00000000c0000000, 0x00000000c3e80000, 0x00000000eab00000)
  object space 64000K, 18% used [0x00000000c0000000,0x00000000c0b64200,0x00000000c3e80000)
 Metaspace       used 4943K, capacity 5072K, committed 5248K, reserved 1056768K
  class space    used 552K, capacity 590K, committed 640K, reserved 1048576K
Event: 5.485 GC heap after
Heap after GC invocations=17 (full 0):
 PSYoungGen      total 22016K, used 1088K [0x00000000eab00000, 0x00000000ecb00000, 0x0000000100000000)
  eden space 17408K, 0% used [0x00000000eab00000,0x00000000eab00000,0x00000000ebc00000)
  from space 4608K, 23% used [0x00000000ebc00000,0x00000000ebd10000,0x00000000ec080000)
  to   space 4096K, 0% used [0x00000000ec700000,0x00000000ec700000,0x00000000ecb00000)
 ParOldGen       total 64000K, used 12256K [0x00000000c0000000, 0x00000000c3e80000, 0x00000000eab00000)
  object space 64000K, 19% used [0x00000000c0000000,0x00000000c0bf8200,0x00000000c3e80000)
 Metaspace       used 4943K, capacity 5072K, committed 5248K, reserved 1056768K
  class space    used 552K, capacity 590K, committed 640K, reserved 1048576K
}
Event: 6.177 GC heap before
{Heap before GC invocations=18 (full 0):
 PSYoungGen      total 22016K, used 18496K [0x00000000eab00000, 0x00000000ecb00000, 0x0000000100000000)
  eden space 17408K, 100% used [0x00000000eab00000,0x00000000ebc00000,0x00000000ebc00000)
  from space 4608K, 23% used [0x00000000ebc00000,0x00000000ebd10000,0x00000000ec080000)
  to   space 4096K, 0% used [0x00000000ec700000,0x00000000ec700000,0x00000000ecb00000)
 ParOldGen       total 64000K, used 12256K [0x00000000c0000000, 0x00000000c3e80000, 0x00000000eab00000)
  object space 64000K, 19% used [0x00000000c0000000,0x00000000c0bf8200,0x00000000c3e80000)
 Metaspace       used 4943K, capacity 5072K, committed 5248K, reserved 1056768K
  class space    used 552K, capacity 590K, committed 640K, reserved 1048576K
Event: 6.195 GC heap after
Heap after GC invocations=18 (full 0):
 PSYoungGen      total 28672K, used 1120K [0x00000000eab00000, 0x00000000ecb00000, 0x0000000100000000)
  eden space 24576K, 0% used [0x00000000eab00000,0x00000000eab00000,0x00000000ec300000)
  from space 4096K, 27% used [0x00000000ec700000,0x00000000ec818000,0x00000000ecb00000)
  to   space 4096K, 0% used [0x00000000ec300000,0x00000000ec300000,0x00000000ec700000)
 ParOldGen       total 64000K, used 13296K [0x00000000c0000000, 0x00000000c3e80000, 0x00000000eab00000)
  object space 64000K, 20% used [0x00000000c0000000,0x00000000c0cfc200,0x00000000c3e80000)
 Metaspace       used 4943K, capacity 5072K, committed 5248K, reserved 1056768K
  class space    used 552K, capacity 590K, committed 640K, reserved 1048576K
}
Event: 7.437 GC heap before
{Heap before GC invocations=19 (full 0):
 PSYoungGen      total 28672K, used 25696K [0x00000000eab00000, 0x00000000ecb00000, 0x0000000100000000)
  eden space 24576K, 100% used [0x00000000eab00000,0x00000000ec300000,0x00000000ec300000)
  from space 4096K, 27% used [0x00000000ec700000,0x00000000ec818000,0x00000000ecb00000)
  to   space 4096K, 0% used [0x00000000ec300000,0x00000000ec300000,0x00000000ec700000)
 ParOldGen       total 64000K, used 13296K [0x00000000c0000000, 0x00000000c3e80000, 0x00000000eab00000)
  object space 64000K, 20% used [0x00000000c0000000,0x00000000c0cfc200,0x00000000c3e80000)
 Metaspace       used 4943K, capacity 5072K, committed 5248K, reserved 1056768K
  class space    used 552K, capacity 590K, committed 640K, reserved 1048576K
Event: 7.553 GC heap after
Heap after GC invocations=19 (full 0):
 PSYoungGen      total 28672K, used 1568K [0x00000000eab00000, 0x00000000ed500000, 0x0000000100000000)
  eden space 24576K, 0% used [0x00000000eab00000,0x00000000eab00000,0x00000000ec300000)
  from space 4096K, 38% used [0x00000000ec300000,0x00000000ec488000,0x00000000ec700000)
  to   space 4096K, 0% used [0x00000000ed100000,0x00000000ed100000,0x00000000ed500000)
 ParOldGen       total 64000K, used 14368K [0x00000000c0000000, 0x00000000c3e80000, 0x00000000eab00000)
  object space 64000K, 22% used [0x00000000c0000000,0x00000000c0e08200,0x00000000c3e80000)
 Metaspace       used 4943K, capacity 5072K, committed 5248K, reserved 1056768K
  class space    used 552K, capacity 590K, committed 640K, reserved 1048576K
}
Event: 8.176 GC heap before
{Heap before GC invocations=20 (full 0):
 PSYoungGen      total 28672K, used 26144K [0x00000000eab00000, 0x00000000ed500000, 0x0000000100000000)
  eden space 24576K, 100% used [0x00000000eab00000,0x00000000ec300000,0x00000000ec300000)
  from space 4096K, 38% used [0x00000000ec300000,0x00000000ec488000,0x00000000ec700000)
  to   space 4096K, 0% used [0x00000000ed100000,0x00000000ed100000,0x00000000ed500000)
 ParOldGen       total 64000K, used 14368K [0x00000000c0000000, 0x00000000c3e80000, 0x00000000eab00000)
  object space 64000K, 22% used [0x00000000c0000000,0x00000000c0e08200,0x00000000c3e80000)
 Metaspace       used 4943K, capacity 5072K, committed 5248K, reserved 1056768K
  class space    used 552K, capacity 590K, committed 640K, reserved 1048576K
Event: 8.268 GC heap after
Heap after GC invocations=20 (full 0):
 PSYoungGen      total 37888K, used 1600K [0x00000000eab00000, 0x00000000ed400000, 0x0000000100000000)
  eden space 34816K, 0% used [0x00000000eab00000,0x00000000eab00000,0x00000000ecd00000)
  from space 3072K, 52% used [0x00000000ed100000,0x00000000ed290000,0x00000000ed400000)
  to   space 3584K, 0% used [0x00000000ecd00000,0x00000000ecd00000,0x00000000ed080000)
 ParOldGen       total 64000K, used 15880K [0x00000000c0000000, 0x00000000c3e80000, 0x00000000eab00000)
  object space 64000K, 24% used [0x00000000c0000000,0x00000000c0f82200,0x00000000c3e80000)
 Metaspace       used 4943K, capacity 5072K, committed 5248K, reserved 1056768K
  class space    used 552K, capacity 590K, committed 640K, reserved 1048576K
}
Event: 8.715 GC heap before
{Heap before GC invocations=21 (full 0):
 PSYoungGen      total 37888K, used 36416K [0x00000000eab00000, 0x00000000ed400000, 0x0000000100000000)
  eden space 34816K, 100% used [0x00000000eab00000,0x00000000ecd00000,0x00000000ecd00000)
  from space 3072K, 52% used [0x00000000ed100000,0x00000000ed290000,0x00000000ed400000)
  to   space 3584K, 0% used [0x00000000ecd00000,0x00000000ecd00000,0x00000000ed080000)
 ParOldGen       total 64000K, used 15880K [0x00000000c0000000, 0x00000000c3e80000, 0x00000000eab00000)
  object space 64000K, 24% used [0x00000000c0000000,0x00000000c0f82200,0x00000000c3e80000)
 Metaspace       used 4969K, capacity 5072K, committed 5248K, reserved 1056768K
  class space    used 553K, capacity 590K, committed 640K, reserved 1048576K
Event: 8.761 GC heap after
Heap after GC invocations=21 (full 0):
 PSYoungGen      total 38400K, used 544K [0x00000000eab00000, 0x00000000ee200000, 0x0000000100000000)
  eden space 34816K, 0% used [0x00000000eab00000,0x00000000eab00000,0x00000000ecd00000)
  from space 3584K, 15% used [0x00000000ecd00000,0x00000000ecd88000,0x00000000ed080000)
  to   space 3584K, 0% used [0x00000000ede80000,0x00000000ede80000,0x00000000ee200000)
 ParOldGen       total 64000K, used 17392K [0x00000000c0000000, 0x00000000c3e80000, 0x00000000eab00000)
  object space 64000K, 27% used [0x00000000c0000000,0x00000000c10fc200,0x00000000c3e80000)
 Metaspace       used 4969K, capacity 5072K, committed 5248K, reserved 1056768K
  class space    used 553K, capacity 590K, committed 640K, reserved 1048576K
}

